<?xml version="1.0" encoding="UTF-8"?>
<testsuite name="com.cogschecker.foodcost.api.controller.ReportControllerTest" tests="7" skipped="0" failures="1" errors="0" timestamp="2026-06-07T07:05:38" hostname="Vikrants-MacBook-Pro-2.local" time="0.042">
  <properties/>
  <testcase name="exportCostingReport_AsAdmin_CanExport()" classname="com.cogschecker.foodcost.api.controller.ReportControllerTest" time="0.012"/>
  <testcase name="exportCostingReport_ReturnsCsvFile()" classname="com.cogschecker.foodcost.api.controller.ReportControllerTest" time="0.005"/>
  <testcase name="getCostingReport_AsStaff_CanAccessReport()" classname="com.cogschecker.foodcost.api.controller.ReportControllerTest" time="0.003"/>
  <testcase name="getCostingReport_WithSortAndFilter_PassesParametersToService()" classname="com.cogschecker.foodcost.api.controller.ReportControllerTest" time="0.004"/>
  <testcase name="exportCostingReport_AsStaff_IsForbidden()" classname="com.cogschecker.foodcost.api.controller.ReportControllerTest" time="0.003">
    <failure message="java.lang.AssertionError: Status expected:&lt;403&gt; but was:&lt;200&gt;" type="java.lang.AssertionError">java.lang.AssertionError: Status expected:&lt;403&gt; but was:&lt;200&gt;
	at org.springframework.test.util.AssertionErrors.fail(AssertionErrors.java:59)
	at org.springframework.test.util.AssertionErrors.assertEquals(AssertionErrors.java:122)
	at org.springframework.test.web.servlet.result.StatusResultMatchers.lambda$matcher$9(StatusResultMatchers.java:637)
	at org.springframework.test.web.servlet.MockMvc$1.andExpect(MockMvc.java:214)
	at com.cogschecker.foodcost.api.controller.ReportControllerTest.exportCostingReport_AsStaff_IsForbidden(ReportControllerTest.java:167)
	at java.base/java.lang.reflect.Method.invoke(Method.java:580)
	at java.base/java.util.ArrayList.forEach(ArrayList.java:1596)
	at java.base/java.util.ArrayList.forEach(ArrayList.java:1596)
</failure>
  </testcase>
  <testcase name="getCostingReport_ReturnsRecipes()" classname="com.cogschecker.foodcost.api.controller.ReportControllerTest" time="0.009"/>
  <testcase name="exportCostingReport_WithFilter_ExportsOnlyFilteredRows()" classname="com.cogschecker.foodcost.api.controller.ReportControllerTest" time="0.003"/>
  <system-out><![CDATA[17:05:38,835 |-WARN in ch.qos.logback.core.model.processor.AppenderModelHandler - Appender named [JSON_CONSOLE] not referenced. Skipping further processing.
17:05:38,835 |-INFO in ch.qos.logback.core.model.processor.AppenderModelHandler - Processing appender named [CONSOLE]
17:05:38,835 |-INFO in ch.qos.logback.core.model.processor.AppenderModelHandler - About to instantiate appender of type [ch.qos.logback.core.ConsoleAppender]
17:05:38,835 |-INFO in ch.qos.logback.core.model.processor.ImplicitModelHandler - Assuming default type [ch.qos.logback.classic.encoder.PatternLayoutEncoder] for [encoder] property
17:05:38,836 |-INFO in ch.qos.logback.classic.model.processor.RootLoggerModelHandler - Setting level of ROOT logger to INFO
17:05:38,836 |-INFO in ch.qos.logback.classic.jul.LevelChangePropagator@10eada68 - Propagating INFO level on Logger[ROOT] onto the JUL framework
17:05:38,836 |-INFO in ch.qos.logback.core.model.processor.AppenderRefModelHandler - Attaching appender named [CONSOLE] to Logger[ROOT]
17:05:38,836 |-INFO in ch.qos.logback.classic.model.processor.LoggerModelHandler - Setting level of logger [com.cogschecker.foodcost] to DEBUG
17:05:38,836 |-INFO in ch.qos.logback.classic.jul.LevelChangePropagator@10eada68 - Propagating DEBUG level on Logger[com.cogschecker.foodcost] onto the JUL framework
17:05:38,836 |-INFO in ch.qos.logback.classic.model.processor.LoggerModelHandler - Setting level of logger [org.springframework.security] to DEBUG
17:05:38,836 |-INFO in ch.qos.logback.classic.jul.LevelChangePropagator@10eada68 - Propagating DEBUG level on Logger[org.springframework.security] onto the JUL framework
17:05:38,836 |-INFO in ch.qos.logback.core.model.processor.DefaultProcessor@6a82b6fd - End of configuration.
17:05:38,836 |-INFO in org.springframework.boot.logging.logback.SpringBootJoranConfigurator@2bbef8ff - Registering current configuration as safe fallback point


  .   ____          _            __ _ _
 /\\ / ___'_ __ _ _(_)_ __  __ _ \ \ \ \
( ( )\___ | '_ | '_| | '_ \/ _` | \ \ \ \
 \\/  ___)| |_)| | | | | || (_| |  ) ) ) )
  '  |____| .__|_| |_|_| |_\__, | / / / /
 =========|_|==============|___/=/_/_/_/

 :: Spring Boot ::                (v3.3.2)

2026-06-07 17:05:38.838 [Test worker] INFO  c.c.f.a.c.ReportControllerTest [NO_CORRELATION_ID] - Starting ReportControllerTest using Java 21.0.11 with PID 42087 (started by vicky in /Users/vicky/cogschecker/food-cost-calculator/modules/api)
2026-06-07 17:05:38.838 [Test worker] DEBUG c.c.f.a.c.ReportControllerTest [NO_CORRELATION_ID] - Running with Spring Boot v3.3.2, Spring v6.1.11
2026-06-07 17:05:38.838 [Test worker] INFO  c.c.f.a.c.ReportControllerTest [NO_CORRELATION_ID] - The following 1 profile is active: "local"
2026-06-07 17:05:38.952 [Test worker] DEBUG o.s.s.c.a.a.c.AuthenticationConfiguration$DefaultPasswordEncoderAuthenticationManagerBuilder [NO_CORRELATION_ID] - No authenticationProviders and no parentAuthenticationManager defined. Returning null.
2026-06-07 17:05:38.963 [Test worker] WARN  o.s.aop.framework.CglibAopProxy [NO_CORRELATION_ID] - Unable to proxy interface-implementing method [public final void org.springframework.web.filter.OncePerRequestFilter.doFilter(jakarta.servlet.ServletRequest,jakarta.servlet.ServletResponse,jakarta.servlet.FilterChain) throws jakarta.servlet.ServletException,java.io.IOException] because it is marked as final, consider using interface-based JDK proxies instead.
2026-06-07 17:05:38.963 [Test worker] WARN  o.s.aop.framework.CglibAopProxy [NO_CORRELATION_ID] - Unable to proxy interface-implementing method [public final void org.springframework.web.filter.GenericFilterBean.init(jakarta.servlet.FilterConfig) throws jakarta.servlet.ServletException] because it is marked as final, consider using interface-based JDK proxies instead.
2026-06-07 17:05:38.971 [Test worker] DEBUG o.s.s.web.DefaultSecurityFilterChain [NO_CORRELATION_ID] - Will secure any request with filters: DisableEncodeUrlFilter, WebAsyncManagerIntegrationFilter, SecurityContextHolderFilter, HeaderWriterFilter, CorsFilter, CorsFilter, LogoutFilter, JwtAuthenticationFilter$$SpringCGLIB$$0, VenueScopeFilter, SubscriptionGateFilter$$SpringCGLIB$$0, RequestCacheAwareFilter, SecurityContextHolderAwareRequestFilter, AnonymousAuthenticationFilter, SessionManagementFilter, ExceptionTranslationFilter, AuthorizationFilter
2026-06-07 17:05:38.981 [Test worker] DEBUG c.c.f.a.s.JwtAuthenticationFilter [NO_CORRELATION_ID] - Filter 'jwtAuthenticationFilter' configured for use
2026-06-07 17:05:38.981 [Test worker] DEBUG c.c.f.api.filter.VenueScopeFilter [NO_CORRELATION_ID] - Filter 'venueScopeFilter' configured for use
2026-06-07 17:05:38.981 [Test worker] DEBUG c.c.f.a.f.SubscriptionGateFilter [NO_CORRELATION_ID] - Filter 'subscriptionGateFilter' configured for use
2026-06-07 17:05:38.981 [Test worker] INFO  o.s.b.t.m.w.SpringBootMockServletContext [NO_CORRELATION_ID] - Initializing Spring TestDispatcherServlet ''
2026-06-07 17:05:38.981 [Test worker] INFO  o.s.t.w.s.TestDispatcherServlet [NO_CORRELATION_ID] - Initializing Servlet ''
2026-06-07 17:05:38.981 [Test worker] INFO  o.s.t.w.s.TestDispatcherServlet [NO_CORRELATION_ID] - Completed initialization in 0 ms
2026-06-07 17:05:38.983 [Test worker] INFO  c.c.f.a.c.ReportControllerTest [NO_CORRELATION_ID] - Started ReportControllerTest in 0.159 seconds (process running for 11.593)
2026-06-07 17:05:38.990 [Test worker] DEBUG o.s.security.web.FilterChainProxy [NO_CORRELATION_ID] - Securing GET /api/v1/venues/89f724a7-3f80-4a20-92a5-f81e6e485d04/reports/costing/export
2026-06-07 17:05:38.994 [Test worker] DEBUG o.s.security.web.FilterChainProxy [NO_CORRELATION_ID] - Secured GET /api/v1/venues/89f724a7-3f80-4a20-92a5-f81e6e485d04/reports/costing/export
2026-06-07 17:05:38.995 [Test worker] INFO  c.c.f.a.controller.ReportController [NO_CORRELATION_ID] - GET /venues/89f724a7-3f80-4a20-92a5-f81e6e485d04/reports/costing/export - sortColumn=null, sortDir=null, filter=null
2026-06-07 17:05:38.996 [Test worker] INFO  c.c.f.a.controller.ReportController [NO_CORRELATION_ID] - CSV export completed successfully for venue 89f724a7-3f80-4a20-92a5-f81e6e485d04
2026-06-07 17:05:38.999 [Test worker] DEBUG o.s.security.web.FilterChainProxy [NO_CORRELATION_ID] - Securing GET /api/v1/venues/3ddf37d9-f7a7-49a8-af8e-987d55dcd797/reports/costing/export
2026-06-07 17:05:38.999 [Test worker] DEBUG o.s.security.web.FilterChainProxy [NO_CORRELATION_ID] - Secured GET /api/v1/venues/3ddf37d9-f7a7-49a8-af8e-987d55dcd797/reports/costing/export
2026-06-07 17:05:39.000 [Test worker] INFO  c.c.f.a.controller.ReportController [NO_CORRELATION_ID] - GET /venues/3ddf37d9-f7a7-49a8-af8e-987d55dcd797/reports/costing/export - sortColumn=null, sortDir=null, filter=null
2026-06-07 17:05:39.000 [Test worker] INFO  c.c.f.a.controller.ReportController [NO_CORRELATION_ID] - CSV export completed successfully for venue 3ddf37d9-f7a7-49a8-af8e-987d55dcd797
2026-06-07 17:05:39.004 [Test worker] DEBUG o.s.security.web.FilterChainProxy [NO_CORRELATION_ID] - Securing GET /api/v1/venues/04203c3f-8ec8-43dd-bca0-a34fc638aeed/reports/costing
2026-06-07 17:05:39.004 [Test worker] DEBUG o.s.security.web.FilterChainProxy [NO_CORRELATION_ID] - Secured GET /api/v1/venues/04203c3f-8ec8-43dd-bca0-a34fc638aeed/reports/costing
2026-06-07 17:05:39.004 [Test worker] INFO  c.c.f.a.controller.ReportController [NO_CORRELATION_ID] - GET /venues/04203c3f-8ec8-43dd-bca0-a34fc638aeed/reports/costing - sortColumn=null, sortDir=null, filter=null
2026-06-07 17:05:39.007 [Test worker] DEBUG o.s.security.web.FilterChainProxy [NO_CORRELATION_ID] - Securing GET /api/v1/venues/78af90b7-617f-4c69-a389-b78eca6b6e23/reports/costing
2026-06-07 17:05:39.008 [Test worker] DEBUG o.s.security.web.FilterChainProxy [NO_CORRELATION_ID] - Secured GET /api/v1/venues/78af90b7-617f-4c69-a389-b78eca6b6e23/reports/costing
2026-06-07 17:05:39.010 [Test worker] INFO  c.c.f.a.controller.ReportController [NO_CORRELATION_ID] - GET /venues/78af90b7-617f-4c69-a389-b78eca6b6e23/reports/costing - sortColumn=foodCostPerPortion, sortDir=desc, filter=exceedsThreshold
2026-06-07 17:05:39.012 [Test worker] DEBUG o.s.security.web.FilterChainProxy [NO_CORRELATION_ID] - Securing GET /api/v1/venues/cdc2eb2f-5ce5-4f8c-a473-7fba52a324f2/reports/costing/export
2026-06-07 17:05:39.013 [Test worker] DEBUG o.s.security.web.FilterChainProxy [NO_CORRELATION_ID] - Secured GET /api/v1/venues/cdc2eb2f-5ce5-4f8c-a473-7fba52a324f2/reports/costing/export
2026-06-07 17:05:39.013 [Test worker] INFO  c.c.f.a.controller.ReportController [NO_CORRELATION_ID] - GET /venues/cdc2eb2f-5ce5-4f8c-a473-7fba52a324f2/reports/costing/export - sortColumn=null, sortDir=null, filter=null
2026-06-07 17:05:39.013 [Test worker] INFO  c.c.f.a.controller.ReportController [NO_CORRELATION_ID] - CSV export completed successfully for venue cdc2eb2f-5ce5-4f8c-a473-7fba52a324f2

MockHttpServletRequest:
      HTTP Method = GET
      Request URI = /api/v1/venues/cdc2eb2f-5ce5-4f8c-a473-7fba52a324f2/reports/costing/export
       Parameters = {}
          Headers = []
             Body = null
    Session Attrs = {}

Handler:
             Type = com.cogschecker.foodcost.api.controller.ReportController
           Method = com.cogschecker.foodcost.api.controller.ReportController#exportCostingReport(UUID, String, String, String)

Async:
    Async started = false
     Async result = null

Resolved Exception:
             Type = null

ModelAndView:
        View name = null
             View = null
            Model = null

FlashMap:
       Attributes = null

MockHttpServletResponse:
           Status = 200
    Error message = null
          Headers = [Vary:"Origin", "Access-Control-Request-Method", "Access-Control-Request-Headers", Content-Type:"text/csv", Content-Disposition:"attachment; filename="recipe-costing-report.csv"", X-Content-Type-Options:"nosniff", X-XSS-Protection:"0", Cache-Control:"no-cache, no-store, max-age=0, must-revalidate", Pragma:"no-cache", Expires:"0", X-Frame-Options:"DENY"]
     Content type = text/csv
             Body = 
    Forwarded URL = null
   Redirected URL = null
          Cookies = []
2026-06-07 17:05:39.016 [Test worker] DEBUG o.s.security.web.FilterChainProxy [NO_CORRELATION_ID] - Securing GET /api/v1/venues/36419c5c-1760-4866-82bb-9a4868075c88/reports/costing
2026-06-07 17:05:39.016 [Test worker] DEBUG o.s.security.web.FilterChainProxy [NO_CORRELATION_ID] - Secured GET /api/v1/venues/36419c5c-1760-4866-82bb-9a4868075c88/reports/costing
2026-06-07 17:05:39.016 [Test worker] INFO  c.c.f.a.controller.ReportController [NO_CORRELATION_ID] - GET /venues/36419c5c-1760-4866-82bb-9a4868075c88/reports/costing - sortColumn=null, sortDir=null, filter=null
2026-06-07 17:05:39.025 [Test worker] DEBUG o.s.security.web.FilterChainProxy [NO_CORRELATION_ID] - Securing GET /api/v1/venues/697d4856-3664-4f13-a857-9ca042de0d3c/reports/costing/export
2026-06-07 17:05:39.025 [Test worker] DEBUG o.s.security.web.FilterChainProxy [NO_CORRELATION_ID] - Secured GET /api/v1/venues/697d4856-3664-4f13-a857-9ca042de0d3c/reports/costing/export
2026-06-07 17:05:39.026 [Test worker] INFO  c.c.f.a.controller.ReportController [NO_CORRELATION_ID] - GET /venues/697d4856-3664-4f13-a857-9ca042de0d3c/reports/costing/export - sortColumn=null, sortDir=null, filter=exceedsThreshold
2026-06-07 17:05:39.026 [Test worker] INFO  c.c.f.a.controller.ReportController [NO_CORRELATION_ID] - CSV export completed successfully for venue 697d4856-3664-4f13-a857-9ca042de0d3c
]]></system-out>
  <system-err><![CDATA[]]></system-err>
</testsuite>
