<?xml version="1.0" encoding="UTF-8"?>
<testsuite name="com.cogschecker.foodcost.api.service.CostEventSseServiceTest" tests="6" skipped="0" failures="0" errors="0" timestamp="2026-06-07T07:05:42" hostname="Vikrants-MacBook-Pro-2.local" time="0.086">
  <properties/>
  <testcase name="subscribeToVenueCostUpdates_differentVenues_shouldCreateSeparateSubscriptions()" classname="com.cogschecker.foodcost.api.service.CostEventSseServiceTest" time="0.048"/>
  <testcase name="subscribeToVenueCostUpdates_shouldCreateEmitterAndSubscribeToRedis()" classname="com.cogschecker.foodcost.api.service.CostEventSseServiceTest" time="0.001"/>
  <testcase name="multipleClients_reusesRedisSubscription()" classname="com.cogschecker.foodcost.api.service.CostEventSseServiceTest" time="0.001"/>
  <testcase name="subscribeToVenueCostUpdates_multipleClientsForSameVenue_shouldReuseRedisSubscription()" classname="com.cogschecker.foodcost.api.service.CostEventSseServiceTest" time="0.001"/>
  <testcase name="messageListener_shouldForwardCostUpdatedEventToSseClients()" classname="com.cogschecker.foodcost.api.service.CostEventSseServiceTest" time="0.035"/>
  <testcase name="emitterCompletion_triggersCleanupCallback()" classname="com.cogschecker.foodcost.api.service.CostEventSseServiceTest" time="0.0"/>
  <system-out><![CDATA[2026-06-07 17:05:42.513 [Test worker] INFO  c.c.f.a.service.CostEventSseService [NO_CORRELATION_ID] - Client subscribing to cost updates for venue: fdc3d2f1-eb74-44dd-b8e5-b7e765872b80
2026-06-07 17:05:42.514 [Test worker] INFO  c.c.f.a.service.CostEventSseService [NO_CORRELATION_ID] - Subscribing to Redis channel: venue:fdc3d2f1-eb74-44dd-b8e5-b7e765872b80:costs
2026-06-07 17:05:42.515 [Test worker] INFO  c.c.f.a.service.CostEventSseService [NO_CORRELATION_ID] - Successfully subscribed to Redis channel: venue:fdc3d2f1-eb74-44dd-b8e5-b7e765872b80:costs
2026-06-07 17:05:42.516 [Test worker] INFO  c.c.f.a.service.CostEventSseService [NO_CORRELATION_ID] - Client successfully subscribed to cost updates for venue: fdc3d2f1-eb74-44dd-b8e5-b7e765872b80
2026-06-07 17:05:42.516 [Test worker] INFO  c.c.f.a.service.CostEventSseService [NO_CORRELATION_ID] - Client subscribing to cost updates for venue: 67c61111-ba79-4590-8677-8c9e919be122
2026-06-07 17:05:42.516 [Test worker] INFO  c.c.f.a.service.CostEventSseService [NO_CORRELATION_ID] - Subscribing to Redis channel: venue:67c61111-ba79-4590-8677-8c9e919be122:costs
2026-06-07 17:05:42.516 [Test worker] INFO  c.c.f.a.service.CostEventSseService [NO_CORRELATION_ID] - Successfully subscribed to Redis channel: venue:67c61111-ba79-4590-8677-8c9e919be122:costs
2026-06-07 17:05:42.516 [Test worker] INFO  c.c.f.a.service.CostEventSseService [NO_CORRELATION_ID] - Client successfully subscribed to cost updates for venue: 67c61111-ba79-4590-8677-8c9e919be122
2026-06-07 17:05:42.517 [Test worker] INFO  c.c.f.a.service.CostEventSseService [NO_CORRELATION_ID] - Client subscribing to cost updates for venue: 38365f59-ce95-4e03-a303-3883af2b0b96
2026-06-07 17:05:42.517 [Test worker] INFO  c.c.f.a.service.CostEventSseService [NO_CORRELATION_ID] - Subscribing to Redis channel: venue:38365f59-ce95-4e03-a303-3883af2b0b96:costs
2026-06-07 17:05:42.518 [Test worker] INFO  c.c.f.a.service.CostEventSseService [NO_CORRELATION_ID] - Successfully subscribed to Redis channel: venue:38365f59-ce95-4e03-a303-3883af2b0b96:costs
2026-06-07 17:05:42.518 [Test worker] INFO  c.c.f.a.service.CostEventSseService [NO_CORRELATION_ID] - Client successfully subscribed to cost updates for venue: 38365f59-ce95-4e03-a303-3883af2b0b96
2026-06-07 17:05:42.518 [Test worker] INFO  c.c.f.a.service.CostEventSseService [NO_CORRELATION_ID] - Client subscribing to cost updates for venue: 87d5bf5f-159c-4f63-af8d-d3b3bc627517
2026-06-07 17:05:42.518 [Test worker] INFO  c.c.f.a.service.CostEventSseService [NO_CORRELATION_ID] - Subscribing to Redis channel: venue:87d5bf5f-159c-4f63-af8d-d3b3bc627517:costs
2026-06-07 17:05:42.518 [Test worker] INFO  c.c.f.a.service.CostEventSseService [NO_CORRELATION_ID] - Successfully subscribed to Redis channel: venue:87d5bf5f-159c-4f63-af8d-d3b3bc627517:costs
2026-06-07 17:05:42.518 [Test worker] INFO  c.c.f.a.service.CostEventSseService [NO_CORRELATION_ID] - Client successfully subscribed to cost updates for venue: 87d5bf5f-159c-4f63-af8d-d3b3bc627517
2026-06-07 17:05:42.518 [Test worker] INFO  c.c.f.a.service.CostEventSseService [NO_CORRELATION_ID] - Client subscribing to cost updates for venue: 87d5bf5f-159c-4f63-af8d-d3b3bc627517
2026-06-07 17:05:42.518 [Test worker] INFO  c.c.f.a.service.CostEventSseService [NO_CORRELATION_ID] - Client successfully subscribed to cost updates for venue: 87d5bf5f-159c-4f63-af8d-d3b3bc627517
2026-06-07 17:05:42.519 [Test worker] INFO  c.c.f.a.service.CostEventSseService [NO_CORRELATION_ID] - Client subscribing to cost updates for venue: dcfacab2-b3d8-43f5-b7cf-f47dac97ff93
2026-06-07 17:05:42.519 [Test worker] INFO  c.c.f.a.service.CostEventSseService [NO_CORRELATION_ID] - Subscribing to Redis channel: venue:dcfacab2-b3d8-43f5-b7cf-f47dac97ff93:costs
2026-06-07 17:05:42.519 [Test worker] INFO  c.c.f.a.service.CostEventSseService [NO_CORRELATION_ID] - Successfully subscribed to Redis channel: venue:dcfacab2-b3d8-43f5-b7cf-f47dac97ff93:costs
2026-06-07 17:05:42.519 [Test worker] INFO  c.c.f.a.service.CostEventSseService [NO_CORRELATION_ID] - Client successfully subscribed to cost updates for venue: dcfacab2-b3d8-43f5-b7cf-f47dac97ff93
2026-06-07 17:05:42.519 [Test worker] INFO  c.c.f.a.service.CostEventSseService [NO_CORRELATION_ID] - Client subscribing to cost updates for venue: dcfacab2-b3d8-43f5-b7cf-f47dac97ff93
2026-06-07 17:05:42.519 [Test worker] INFO  c.c.f.a.service.CostEventSseService [NO_CORRELATION_ID] - Client successfully subscribed to cost updates for venue: dcfacab2-b3d8-43f5-b7cf-f47dac97ff93
2026-06-07 17:05:42.520 [Test worker] INFO  c.c.f.a.service.CostEventSseService [NO_CORRELATION_ID] - Client subscribing to cost updates for venue: 2315b16f-b613-416a-806b-e4053557d28e
2026-06-07 17:05:42.520 [Test worker] INFO  c.c.f.a.service.CostEventSseService [NO_CORRELATION_ID] - Subscribing to Redis channel: venue:2315b16f-b613-416a-806b-e4053557d28e:costs
2026-06-07 17:05:42.520 [Test worker] INFO  c.c.f.a.service.CostEventSseService [NO_CORRELATION_ID] - Successfully subscribed to Redis channel: venue:2315b16f-b613-416a-806b-e4053557d28e:costs
2026-06-07 17:05:42.520 [Test worker] INFO  c.c.f.a.service.CostEventSseService [NO_CORRELATION_ID] - Client successfully subscribed to cost updates for venue: 2315b16f-b613-416a-806b-e4053557d28e
2026-06-07 17:05:42.553 [Test worker] DEBUG c.c.f.a.service.CostEventSseService [NO_CORRELATION_ID] - Received COST_UPDATED event on channel venue:2315b16f-b613-416a-806b-e4053557d28e:costs: {"recipeIds":["4cf8212c-394e-430e-9bd3-f235b55f9a0c","60a09f90-f652-4302-83c5-5482c0a08184"],"venueId":"2315b16f-b613-416a-806b-e4053557d28e","event":"COST_UPDATED","timestamp":1780815942520}
2026-06-07 17:05:42.554 [Test worker] DEBUG c.c.f.a.service.CostEventSseService [NO_CORRELATION_ID] - Forwarded COST_UPDATED event to SSE client for venue 2315b16f-b613-416a-806b-e4053557d28e
2026-06-07 17:05:42.555 [Test worker] INFO  c.c.f.a.service.CostEventSseService [NO_CORRELATION_ID] - Client subscribing to cost updates for venue: 8d53681e-4a31-49b0-ad70-c46105e70737
2026-06-07 17:05:42.555 [Test worker] INFO  c.c.f.a.service.CostEventSseService [NO_CORRELATION_ID] - Subscribing to Redis channel: venue:8d53681e-4a31-49b0-ad70-c46105e70737:costs
2026-06-07 17:05:42.555 [Test worker] INFO  c.c.f.a.service.CostEventSseService [NO_CORRELATION_ID] - Successfully subscribed to Redis channel: venue:8d53681e-4a31-49b0-ad70-c46105e70737:costs
2026-06-07 17:05:42.555 [Test worker] INFO  c.c.f.a.service.CostEventSseService [NO_CORRELATION_ID] - Client successfully subscribed to cost updates for venue: 8d53681e-4a31-49b0-ad70-c46105e70737
]]></system-out>
  <system-err><![CDATA[]]></system-err>
</testsuite>
