<?xml version="1.0" encoding="UTF-8"?>
<testsuite name="com.cogschecker.foodcost.api.controller.VenueDataControllerTest" tests="13" skipped="0" failures="2" errors="0" timestamp="2026-06-07T07:05:39" hostname="Vikrants-MacBook-Pro-2.local" time="0.055">
  <properties/>
  <testcase name="testExportVenueData_ManagerAccess()" classname="com.cogschecker.foodcost.api.controller.VenueDataControllerTest" time="0.008"/>
  <testcase name="testImportVenueData_MalformedJson()" classname="com.cogschecker.foodcost.api.controller.VenueDataControllerTest" time="0.005"/>
  <testcase name="testExportVenueData_Success()" classname="com.cogschecker.foodcost.api.controller.VenueDataControllerTest" time="0.003"/>
  <testcase name="testImportVenueData_ManagerAccess()" classname="com.cogschecker.foodcost.api.controller.VenueDataControllerTest" time="0.004"/>
  <testcase name="testImportVenueData_InvalidSchema()" classname="com.cogschecker.foodcost.api.controller.VenueDataControllerTest" time="0.002"/>
  <testcase name="testImportVenueData_StaffDenied()" classname="com.cogschecker.foodcost.api.controller.VenueDataControllerTest" time="0.004">
    <failure message="java.lang.AssertionError: Expected status 403 or 500 but was: 200" type="java.lang.AssertionError">java.lang.AssertionError: Expected status 403 or 500 but was: 200
	at com.cogschecker.foodcost.api.controller.VenueDataControllerTest.lambda$testImportVenueData_StaffDenied$1(VenueDataControllerTest.java:338)
	at org.springframework.test.web.servlet.MockMvc$1.andExpect(MockMvc.java:214)
	at com.cogschecker.foodcost.api.controller.VenueDataControllerTest.testImportVenueData_StaffDenied(VenueDataControllerTest.java:335)
	at java.base/java.lang.reflect.Method.invoke(Method.java:580)
	at java.base/java.util.ArrayList.forEach(ArrayList.java:1596)
	at java.base/java.util.ArrayList.forEach(ArrayList.java:1596)
</failure>
  </testcase>
  <testcase name="testImportVenueData_AdminAccess()" classname="com.cogschecker.foodcost.api.controller.VenueDataControllerTest" time="0.003"/>
  <testcase name="testExportVenueData_Unauthenticated()" classname="com.cogschecker.foodcost.api.controller.VenueDataControllerTest" time="0.002"/>
  <testcase name="testExportVenueData_StaffDenied()" classname="com.cogschecker.foodcost.api.controller.VenueDataControllerTest" time="0.007">
    <failure message="org.mockito.exceptions.verification.NeverWantedButInvoked: &#10;com.cogschecker.foodcost.api.service.DataExportService#0 bean.export(&#10;    &lt;any&gt;&#10;);&#10;Never wanted here:&#10;-&gt; at com.cogschecker.foodcost.api.service.DataExportService.export(DataExportService.java:67)&#10;But invoked here:&#10;-&gt; at com.cogschecker.foodcost.api.controller.VenueDataController.exportVenueData(VenueDataController.java:60) with arguments: [e3d3a49e-0058-454f-acb3-65c65f88f84e]&#10;" type="org.mockito.exceptions.verification.NeverWantedButInvoked">org.mockito.exceptions.verification.NeverWantedButInvoked: 
com.cogschecker.foodcost.api.service.DataExportService#0 bean.export(
    &lt;any&gt;
);
Never wanted here:
-&gt; at com.cogschecker.foodcost.api.service.DataExportService.export(DataExportService.java:67)
But invoked here:
-&gt; at com.cogschecker.foodcost.api.controller.VenueDataController.exportVenueData(VenueDataController.java:60) with arguments: [e3d3a49e-0058-454f-acb3-65c65f88f84e]

	at app//com.cogschecker.foodcost.api.service.DataExportService.export(DataExportService.java:67)
	at app//com.cogschecker.foodcost.api.controller.VenueDataControllerTest.testExportVenueData_StaffDenied(VenueDataControllerTest.java:279)
	at java.base@21.0.11/java.lang.reflect.Method.invoke(Method.java:580)
	at java.base@21.0.11/java.util.ArrayList.forEach(ArrayList.java:1596)
	at java.base@21.0.11/java.util.ArrayList.forEach(ArrayList.java:1596)
</failure>
  </testcase>
  <testcase name="testExportVenueData_AdminAccess()" classname="com.cogschecker.foodcost.api.controller.VenueDataControllerTest" time="0.003"/>
  <testcase name="testImportVenueData_Success()" classname="com.cogschecker.foodcost.api.controller.VenueDataControllerTest" time="0.003"/>
  <testcase name="testImportVenueData_Unauthenticated()" classname="com.cogschecker.foodcost.api.controller.VenueDataControllerTest" time="0.003"/>
  <testcase name="testExportVenueData_EmptyVenue()" classname="com.cogschecker.foodcost.api.controller.VenueDataControllerTest" time="0.003"/>
  <system-out><![CDATA[2026-06-07 17:05:39.235 [Test worker] INFO  o.s.t.c.s.AnnotationConfigContextLoaderUtils [NO_CORRELATION_ID] - Could not detect default configuration classes for test class [com.cogschecker.foodcost.api.controller.VenueDataControllerTest]: VenueDataControllerTest does not declare any static, non-private, non-final, nested classes annotated with @Configuration.
2026-06-07 17:05:39.237 [Test worker] INFO  o.s.b.t.c.SpringBootTestContextBootstrapper [NO_CORRELATION_ID] - Found @SpringBootConfiguration com.cogschecker.foodcost.api.ApiApplication for test class com.cogschecker.foodcost.api.controller.VenueDataControllerTest
17:05:39,245 |-WARN in ch.qos.logback.core.model.processor.AppenderModelHandler - Appender named [JSON_CONSOLE] not referenced. Skipping further processing.
17:05:39,245 |-INFO in ch.qos.logback.core.model.processor.AppenderModelHandler - Processing appender named [CONSOLE]
17:05:39,245 |-INFO in ch.qos.logback.core.model.processor.AppenderModelHandler - About to instantiate appender of type [ch.qos.logback.core.ConsoleAppender]
17:05:39,245 |-INFO in ch.qos.logback.core.model.processor.ImplicitModelHandler - Assuming default type [ch.qos.logback.classic.encoder.PatternLayoutEncoder] for [encoder] property
17:05:39,246 |-INFO in ch.qos.logback.classic.model.processor.RootLoggerModelHandler - Setting level of ROOT logger to INFO
17:05:39,246 |-INFO in ch.qos.logback.classic.jul.LevelChangePropagator@221a4506 - Propagating INFO level on Logger[ROOT] onto the JUL framework
17:05:39,246 |-INFO in ch.qos.logback.core.model.processor.AppenderRefModelHandler - Attaching appender named [CONSOLE] to Logger[ROOT]
17:05:39,246 |-INFO in ch.qos.logback.classic.model.processor.LoggerModelHandler - Setting level of logger [com.cogschecker.foodcost] to DEBUG
17:05:39,246 |-INFO in ch.qos.logback.classic.jul.LevelChangePropagator@221a4506 - Propagating DEBUG level on Logger[com.cogschecker.foodcost] onto the JUL framework
17:05:39,246 |-INFO in ch.qos.logback.classic.model.processor.LoggerModelHandler - Setting level of logger [org.springframework.security] to DEBUG
17:05:39,246 |-INFO in ch.qos.logback.classic.jul.LevelChangePropagator@221a4506 - Propagating DEBUG level on Logger[org.springframework.security] onto the JUL framework
17:05:39,246 |-INFO in ch.qos.logback.core.model.processor.DefaultProcessor@277707d2 - End of configuration.
17:05:39,246 |-INFO in org.springframework.boot.logging.logback.SpringBootJoranConfigurator@79510934 - Registering current configuration as safe fallback point


  .   ____          _            __ _ _
 /\\ / ___'_ __ _ _(_)_ __  __ _ \ \ \ \
( ( )\___ | '_ | '_| | '_ \/ _` | \ \ \ \
 \\/  ___)| |_)| | | | | || (_| |  ) ) ) )
  '  |____| .__|_| |_|_| |_\__, | / / / /
 =========|_|==============|___/=/_/_/_/

 :: Spring Boot ::                (v3.3.2)

2026-06-07 17:05:39.247 [Test worker] INFO  c.c.f.a.c.VenueDataControllerTest [NO_CORRELATION_ID] - Starting VenueDataControllerTest using Java 21.0.11 with PID 42087 (started by vicky in /Users/vicky/cogschecker/food-cost-calculator/modules/api)
2026-06-07 17:05:39.247 [Test worker] DEBUG c.c.f.a.c.VenueDataControllerTest [NO_CORRELATION_ID] - Running with Spring Boot v3.3.2, Spring v6.1.11
2026-06-07 17:05:39.247 [Test worker] INFO  c.c.f.a.c.VenueDataControllerTest [NO_CORRELATION_ID] - The following 1 profile is active: "local"
2026-06-07 17:05:39.369 [Test worker] DEBUG o.s.s.c.a.a.c.AuthenticationConfiguration$DefaultPasswordEncoderAuthenticationManagerBuilder [NO_CORRELATION_ID] - No authenticationProviders and no parentAuthenticationManager defined. Returning null.
2026-06-07 17:05:39.378 [Test worker] DEBUG o.s.s.web.DefaultSecurityFilterChain [NO_CORRELATION_ID] - Will secure any request with filters: DisableEncodeUrlFilter, WebAsyncManagerIntegrationFilter, SecurityContextHolderFilter, HeaderWriterFilter, CorsFilter, CorsFilter, LogoutFilter, JwtAuthenticationFilter$$SpringCGLIB$$0, VenueScopeFilter, SubscriptionGateFilter$$SpringCGLIB$$0, RequestCacheAwareFilter, SecurityContextHolderAwareRequestFilter, AnonymousAuthenticationFilter, SessionManagementFilter, ExceptionTranslationFilter, AuthorizationFilter
2026-06-07 17:05:39.389 [Test worker] DEBUG c.c.f.a.s.JwtAuthenticationFilter [NO_CORRELATION_ID] - Filter 'jwtAuthenticationFilter' configured for use
2026-06-07 17:05:39.389 [Test worker] DEBUG c.c.f.api.filter.VenueScopeFilter [NO_CORRELATION_ID] - Filter 'venueScopeFilter' configured for use
2026-06-07 17:05:39.389 [Test worker] DEBUG c.c.f.a.f.SubscriptionGateFilter [NO_CORRELATION_ID] - Filter 'subscriptionGateFilter' configured for use
2026-06-07 17:05:39.389 [Test worker] INFO  o.s.b.t.m.w.SpringBootMockServletContext [NO_CORRELATION_ID] - Initializing Spring TestDispatcherServlet ''
2026-06-07 17:05:39.389 [Test worker] INFO  o.s.t.w.s.TestDispatcherServlet [NO_CORRELATION_ID] - Initializing Servlet ''
2026-06-07 17:05:39.389 [Test worker] INFO  o.s.t.w.s.TestDispatcherServlet [NO_CORRELATION_ID] - Completed initialization in 0 ms
2026-06-07 17:05:39.391 [Test worker] INFO  c.c.f.a.c.VenueDataControllerTest [NO_CORRELATION_ID] - Started VenueDataControllerTest in 0.154 seconds (process running for 12.0)
2026-06-07 17:05:39.395 [Test worker] DEBUG o.s.security.web.FilterChainProxy [NO_CORRELATION_ID] - Securing GET /api/v1/venues/5d2b4b7a-5758-452b-a85d-8fcd6a16b25a/export
2026-06-07 17:05:39.395 [Test worker] DEBUG o.s.security.web.FilterChainProxy [NO_CORRELATION_ID] - Secured GET /api/v1/venues/5d2b4b7a-5758-452b-a85d-8fcd6a16b25a/export
2026-06-07 17:05:39.395 [Test worker] INFO  c.c.f.a.c.VenueDataController [NO_CORRELATION_ID] - GET /venues/5d2b4b7a-5758-452b-a85d-8fcd6a16b25a/export - Exporting venue data
2026-06-07 17:05:39.396 [Test worker] INFO  c.c.f.a.c.VenueDataController [NO_CORRELATION_ID] - Successfully exported data for venueId: 5d2b4b7a-5758-452b-a85d-8fcd6a16b25a - 1 ingredients, 1 recipes
2026-06-07 17:05:39.402 [Test worker] DEBUG o.s.security.web.FilterChainProxy [NO_CORRELATION_ID] - Securing POST /api/v1/venues/fedbbdf1-360d-46be-aae1-281ecefe5748/import
2026-06-07 17:05:39.402 [Test worker] DEBUG o.s.security.web.FilterChainProxy [NO_CORRELATION_ID] - Secured POST /api/v1/venues/fedbbdf1-360d-46be-aae1-281ecefe5748/import
2026-06-07 17:05:39.403 [Test worker] INFO  c.c.f.a.c.VenueDataController [NO_CORRELATION_ID] - POST /venues/fedbbdf1-360d-46be-aae1-281ecefe5748/import - Importing venue data
2026-06-07 17:05:39.403 [Test worker] WARN  c.c.f.a.e.GlobalExceptionHandler [NO_CORRELATION_ID] - Domain exception: DATA_7001 - Invalid JSON format: com.fasterxml.jackson.core.JsonParseException
2026-06-07 17:05:39.407 [Test worker] DEBUG o.s.security.web.FilterChainProxy [NO_CORRELATION_ID] - Securing GET /api/v1/venues/07906c78-1bcd-4345-a90c-b4267788ad51/export
2026-06-07 17:05:39.408 [Test worker] DEBUG o.s.security.web.FilterChainProxy [NO_CORRELATION_ID] - Secured GET /api/v1/venues/07906c78-1bcd-4345-a90c-b4267788ad51/export
2026-06-07 17:05:39.408 [Test worker] INFO  c.c.f.a.c.VenueDataController [NO_CORRELATION_ID] - GET /venues/07906c78-1bcd-4345-a90c-b4267788ad51/export - Exporting venue data
2026-06-07 17:05:39.408 [Test worker] INFO  c.c.f.a.c.VenueDataController [NO_CORRELATION_ID] - Successfully exported data for venueId: 07906c78-1bcd-4345-a90c-b4267788ad51 - 1 ingredients, 1 recipes
2026-06-07 17:05:39.411 [Test worker] DEBUG o.s.security.web.FilterChainProxy [NO_CORRELATION_ID] - Securing POST /api/v1/venues/4e040f17-b943-4038-9cc3-4508ebd5604c/import
2026-06-07 17:05:39.411 [Test worker] DEBUG o.s.security.web.FilterChainProxy [NO_CORRELATION_ID] - Secured POST /api/v1/venues/4e040f17-b943-4038-9cc3-4508ebd5604c/import
2026-06-07 17:05:39.412 [Test worker] INFO  c.c.f.a.c.VenueDataController [NO_CORRELATION_ID] - POST /venues/4e040f17-b943-4038-9cc3-4508ebd5604c/import - Importing venue data
2026-06-07 17:05:39.412 [Test worker] INFO  c.c.f.a.c.VenueDataController [NO_CORRELATION_ID] - Successfully imported data for venueId: 4e040f17-b943-4038-9cc3-4508ebd5604c
2026-06-07 17:05:39.415 [Test worker] DEBUG o.s.security.web.FilterChainProxy [NO_CORRELATION_ID] - Securing POST /api/v1/venues/be4858d4-6639-4ee0-907e-5fc3eba9c7da/import
2026-06-07 17:05:39.415 [Test worker] DEBUG o.s.security.web.FilterChainProxy [NO_CORRELATION_ID] - Secured POST /api/v1/venues/be4858d4-6639-4ee0-907e-5fc3eba9c7da/import
2026-06-07 17:05:39.416 [Test worker] INFO  c.c.f.a.c.VenueDataController [NO_CORRELATION_ID] - POST /venues/be4858d4-6639-4ee0-907e-5fc3eba9c7da/import - Importing venue data
2026-06-07 17:05:39.416 [Test worker] WARN  c.c.f.a.e.GlobalExceptionHandler [NO_CORRELATION_ID] - Domain exception: DATA_7001 - Missing required field: version
2026-06-07 17:05:39.418 [Test worker] DEBUG o.s.security.web.FilterChainProxy [NO_CORRELATION_ID] - Securing POST /api/v1/venues/7a8ea1a5-065b-4d47-94a3-20fc0429f685/import
2026-06-07 17:05:39.419 [Test worker] DEBUG o.s.security.web.FilterChainProxy [NO_CORRELATION_ID] - Secured POST /api/v1/venues/7a8ea1a5-065b-4d47-94a3-20fc0429f685/import
2026-06-07 17:05:39.419 [Test worker] INFO  c.c.f.a.c.VenueDataController [NO_CORRELATION_ID] - POST /venues/7a8ea1a5-065b-4d47-94a3-20fc0429f685/import - Importing venue data
2026-06-07 17:05:39.419 [Test worker] INFO  c.c.f.a.c.VenueDataController [NO_CORRELATION_ID] - Successfully imported data for venueId: 7a8ea1a5-065b-4d47-94a3-20fc0429f685

MockHttpServletRequest:
      HTTP Method = POST
      Request URI = /api/v1/venues/7a8ea1a5-065b-4d47-94a3-20fc0429f685/import
       Parameters = {_csrf=[VlYCfJ0Nx6Bl3YWAHx6ILk2Odb0jRrf26iNh6S2izNIU3X2gbzAxTaU1pMRIu7a4LzO8GH-7WNwXJ9bbjBpWjE-br-ct5E2T]}
          Headers = [Content-Type:"application/json;charset=UTF-8", Content-Length:"727"]
             Body = {"version":1,"exportedAt":"2026-06-07T07:05:39.418146Z","venue":{"ingredients":[{"id":"f4b545f2-2008-49cd-947e-a040a416f7aa","name":"Test Ingredient","purchasePrice":10.00,"purchaseQuantity":5.0000,"unitOfMeasure":"KILOGRAM","yieldPercentage":100.00,"costPerUnit":2.0000,"effectiveCostPerUsableUnit":2.0000,"createdAt":"2026-06-07T07:05:39.418118Z","updatedAt":"2026-06-07T07:05:39.418132Z"}],"recipes":[{"id":"a65708bd-741b-4b67-9e55-98b7d3762462","name":"Test Recipe","portionCount":4,"menuSellingPrice":25.00,"totalBatchCost":10.00,"foodCostPerPortion":2.50,"foodCostPercentage":10.0,"ingredientLines":[],"createdAt":"2026-06-07T07:05:39.418141Z","updatedAt":"2026-06-07T07:05:39.418144Z"}],"targetFoodCostPercentage":30.0}}
    Session Attrs = {}

Handler:
             Type = com.cogschecker.foodcost.api.controller.VenueDataController
           Method = com.cogschecker.foodcost.api.controller.VenueDataController#importVenueData(UUID, String)

Async:
    Async started = false
     Async result = null

Resolved Exception:
             Type = null

ModelAndView:
        View name = null
             View = null
            Model = null

FlashMap:
       Attributes = null

MockHttpServletResponse:
           Status = 200
    Error message = null
          Headers = [Vary:"Origin", "Access-Control-Request-Method", "Access-Control-Request-Headers", Content-Type:"application/json", X-Content-Type-Options:"nosniff", X-XSS-Protection:"0", Cache-Control:"no-cache, no-store, max-age=0, must-revalidate", Pragma:"no-cache", Expires:"0", X-Frame-Options:"DENY"]
     Content type = application/json
             Body = {"message":"Venue data imported successfully"}
    Forwarded URL = null
   Redirected URL = null
          Cookies = []
2026-06-07 17:05:39.422 [Test worker] DEBUG o.s.security.web.FilterChainProxy [NO_CORRELATION_ID] - Securing POST /api/v1/venues/afc8c091-d316-43b6-85aa-5920b3b04640/import
2026-06-07 17:05:39.422 [Test worker] DEBUG o.s.security.web.FilterChainProxy [NO_CORRELATION_ID] - Secured POST /api/v1/venues/afc8c091-d316-43b6-85aa-5920b3b04640/import
2026-06-07 17:05:39.423 [Test worker] INFO  c.c.f.a.c.VenueDataController [NO_CORRELATION_ID] - POST /venues/afc8c091-d316-43b6-85aa-5920b3b04640/import - Importing venue data
2026-06-07 17:05:39.423 [Test worker] INFO  c.c.f.a.c.VenueDataController [NO_CORRELATION_ID] - Successfully imported data for venueId: afc8c091-d316-43b6-85aa-5920b3b04640
2026-06-07 17:05:39.425 [Test worker] DEBUG o.s.security.web.FilterChainProxy [NO_CORRELATION_ID] - Securing GET /api/v1/venues/da6842ed-1823-407f-9e52-3741bfda36b1/export
2026-06-07 17:05:39.426 [Test worker] DEBUG o.s.s.w.a.AnonymousAuthenticationFilter [NO_CORRELATION_ID] - Set SecurityContextHolder to anonymous SecurityContext
2026-06-07 17:05:39.426 [Test worker] DEBUG o.s.s.w.a.Http403ForbiddenEntryPoint [NO_CORRELATION_ID] - Pre-authenticated entry point called. Rejecting access
2026-06-07 17:05:39.428 [Test worker] DEBUG o.s.security.web.FilterChainProxy [NO_CORRELATION_ID] - Securing GET /api/v1/venues/e3d3a49e-0058-454f-acb3-65c65f88f84e/export
2026-06-07 17:05:39.428 [Test worker] DEBUG o.s.security.web.FilterChainProxy [NO_CORRELATION_ID] - Secured GET /api/v1/venues/e3d3a49e-0058-454f-acb3-65c65f88f84e/export
2026-06-07 17:05:39.428 [Test worker] INFO  c.c.f.a.c.VenueDataController [NO_CORRELATION_ID] - GET /venues/e3d3a49e-0058-454f-acb3-65c65f88f84e/export - Exporting venue data
2026-06-07 17:05:39.429 [Test worker] ERROR c.c.f.a.e.GlobalExceptionHandler [NO_CORRELATION_ID] - Unexpected error for request /api/v1/venues/e3d3a49e-0058-454f-acb3-65c65f88f84e/export
java.lang.NullPointerException: Cannot invoke "com.cogschecker.foodcost.api.dto.VenueExportData.getVenue()" because "exportData" is null
	at com.cogschecker.foodcost.api.controller.VenueDataController.exportVenueData(VenueDataController.java:64)
	at java.base/jdk.internal.reflect.DirectMethodHandleAccessor.invoke(DirectMethodHandleAccessor.java:103)
	at java.base/java.lang.reflect.Method.invoke(Method.java:580)
	at org.springframework.web.method.support.InvocableHandlerMethod.doInvoke(InvocableHandlerMethod.java:255)
	at org.springframework.web.method.support.InvocableHandlerMethod.invokeForRequest(InvocableHandlerMethod.java:188)
	at org.springframework.web.servlet.mvc.method.annotation.ServletInvocableHandlerMethod.invokeAndHandle(ServletInvocableHandlerMethod.java:118)
	at org.springframework.web.servlet.mvc.method.annotation.RequestMappingHandlerAdapter.invokeHandlerMethod(RequestMappingHandlerAdapter.java:926)
	at org.springframework.web.servlet.mvc.method.annotation.RequestMappingHandlerAdapter.handleInternal(RequestMappingHandlerAdapter.java:831)
	at org.springframework.web.servlet.mvc.method.AbstractHandlerMethodAdapter.handle(AbstractHandlerMethodAdapter.java:87)
	at org.springframework.web.servlet.DispatcherServlet.doDispatch(DispatcherServlet.java:1089)
	at org.springframework.web.servlet.DispatcherServlet.doService(DispatcherServlet.java:979)
	at org.springframework.web.servlet.FrameworkServlet.processRequest(FrameworkServlet.java:1014)
	at org.springframework.web.servlet.FrameworkServlet.doGet(FrameworkServlet.java:903)
	at jakarta.servlet.http.HttpServlet.service(HttpServlet.java:564)
	at org.springframework.web.servlet.FrameworkServlet.service(FrameworkServlet.java:885)
	at org.springframework.test.web.servlet.TestDispatcherServlet.service(TestDispatcherServlet.java:72)
	at jakarta.servlet.http.HttpServlet.service(HttpServlet.java:658)
	at org.springframework.mock.web.MockFilterChain$ServletFilterProxy.doFilter(MockFilterChain.java:165)
	at org.springframework.mock.web.MockFilterChain.doFilter(MockFilterChain.java:132)
	at org.springframework.web.filter.OncePerRequestFilter.doFilter(OncePerRequestFilter.java:110)
	at org.springframework.test.web.servlet.setup.MockMvcFilterDecorator.doFilter(MockMvcFilterDecorator.java:151)
	at org.springframework.mock.web.MockFilterChain.doFilter(MockFilterChain.java:132)
	at org.springframework.web.filter.OncePerRequestFilter.doFilter(OncePerRequestFilter.java:110)
	at org.springframework.test.web.servlet.setup.MockMvcFilterDecorator.doFilter(MockMvcFilterDecorator.java:151)
	at org.springframework.mock.web.MockFilterChain.doFilter(MockFilterChain.java:132)
	at org.springframework.web.filter.OncePerRequestFilter.doFilter(OncePerRequestFilter.java:110)
	at org.springframework.test.web.servlet.setup.MockMvcFilterDecorator.doFilter(MockMvcFilterDecorator.java:151)
	at org.springframework.mock.web.MockFilterChain.doFilter(MockFilterChain.java:132)
	at org.springframework.web.filter.CompositeFilter$VirtualFilterChain.doFilter(CompositeFilter.java:108)
	at org.springframework.security.web.FilterChainProxy.lambda$doFilterInternal$3(FilterChainProxy.java:231)
	at org.springframework.security.web.FilterChainProxy$VirtualFilterChain.doFilter(FilterChainProxy.java:365)
	at org.springframework.security.web.access.intercept.AuthorizationFilter.doFilter(AuthorizationFilter.java:100)
	at org.springframework.security.web.FilterChainProxy$VirtualFilterChain.doFilter(FilterChainProxy.java:374)
	at org.springframework.security.web.access.ExceptionTranslationFilter.doFilter(ExceptionTranslationFilter.java:126)
	at org.springframework.security.web.access.ExceptionTranslationFilter.doFilter(ExceptionTranslationFilter.java:120)
	at org.springframework.security.web.FilterChainProxy$VirtualFilterChain.doFilter(FilterChainProxy.java:374)
	at org.springframework.security.web.session.SessionManagementFilter.doFilter(SessionManagementFilter.java:131)
	at org.springframework.security.web.session.SessionManagementFilter.doFilter(SessionManagementFilter.java:85)
	at org.springframework.security.web.FilterChainProxy$VirtualFilterChain.doFilter(FilterChainProxy.java:374)
	at org.springframework.security.web.authentication.AnonymousAuthenticationFilter.doFilter(AnonymousAuthenticationFilter.java:100)
	at org.springframework.security.web.FilterChainProxy$VirtualFilterChain.doFilter(FilterChainProxy.java:374)
	at org.springframework.security.web.servletapi.SecurityContextHolderAwareRequestFilter.doFilter(SecurityContextHolderAwareRequestFilter.java:179)
	at org.springframework.security.web.FilterChainProxy$VirtualFilterChain.doFilter(FilterChainProxy.java:374)
	at org.springframework.security.web.savedrequest.RequestCacheAwareFilter.doFilter(RequestCacheAwareFilter.java:63)
	at org.springframework.security.web.FilterChainProxy$VirtualFilterChain.doFilter(FilterChainProxy.java:374)
	at com.cogschecker.foodcost.api.filter.SubscriptionGateFilter.doFilterInternal(SubscriptionGateFilter.java:60)
	at java.base/jdk.internal.reflect.DirectMethodHandleAccessor.invoke(DirectMethodHandleAccessor.java:103)
	at java.base/java.lang.reflect.Method.invoke(Method.java:580)
	at org.springframework.aop.support.AopUtils.invokeJoinpointUsingReflection(AopUtils.java:354)
	at org.springframework.aop.framework.CglibAopProxy$DynamicAdvisedInterceptor.intercept(CglibAopProxy.java:716)
	at com.cogschecker.foodcost.api.filter.SubscriptionGateFilter$$SpringCGLIB$$0.doFilterInternal(<generated>)
	at org.springframework.web.filter.OncePerRequestFilter.doFilter(OncePerRequestFilter.java:116)
	at org.springframework.security.web.FilterChainProxy$VirtualFilterChain.doFilter(FilterChainProxy.java:374)
	at com.cogschecker.foodcost.api.filter.VenueScopeFilter.doFilterInternal(VenueScopeFilter.java:41)
	at org.springframework.web.filter.OncePerRequestFilter.doFilter(OncePerRequestFilter.java:116)
	at org.springframework.security.web.FilterChainProxy$VirtualFilterChain.doFilter(FilterChainProxy.java:374)
	at com.cogschecker.foodcost.api.security.JwtAuthenticationFilter.doFilterInternal(JwtAuthenticationFilter.java:66)
	at java.base/jdk.internal.reflect.DirectMethodHandleAccessor.invoke(DirectMethodHandleAccessor.java:103)
	at java.base/java.lang.reflect.Method.invoke(Method.java:580)
	at org.springframework.aop.support.AopUtils.invokeJoinpointUsingReflection(AopUtils.java:354)
	at org.springframework.aop.framework.CglibAopProxy$DynamicAdvisedInterceptor.intercept(CglibAopProxy.java:716)
	at com.cogschecker.foodcost.api.security.JwtAuthenticationFilter$$SpringCGLIB$$0.doFilterInternal(<generated>)
	at org.springframework.web.filter.OncePerRequestFilter.doFilter(OncePerRequestFilter.java:116)
	at org.springframework.security.web.FilterChainProxy$VirtualFilterChain.doFilter(FilterChainProxy.java:374)
	at org.springframework.security.web.authentication.logout.LogoutFilter.doFilter(LogoutFilter.java:107)
	at org.springframework.security.web.authentication.logout.LogoutFilter.doFilter(LogoutFilter.java:93)
	at org.springframework.security.web.FilterChainProxy$VirtualFilterChain.doFilter(FilterChainProxy.java:374)
	at org.springframework.web.filter.OncePerRequestFilter.doFilter(OncePerRequestFilter.java:110)
	at org.springframework.security.web.FilterChainProxy$VirtualFilterChain.doFilter(FilterChainProxy.java:374)
	at org.springframework.web.filter.CorsFilter.doFilterInternal(CorsFilter.java:91)
	at org.springframework.web.filter.OncePerRequestFilter.doFilter(OncePerRequestFilter.java:116)
	at org.springframework.security.web.FilterChainProxy$VirtualFilterChain.doFilter(FilterChainProxy.java:374)
	at org.springframework.security.web.header.HeaderWriterFilter.doHeadersAfter(HeaderWriterFilter.java:90)
	at org.springframework.security.web.header.HeaderWriterFilter.doFilterInternal(HeaderWriterFilter.java:75)
	at org.springframework.web.filter.OncePerRequestFilter.doFilter(OncePerRequestFilter.java:116)
	at org.springframework.security.web.FilterChainProxy$VirtualFilterChain.doFilter(FilterChainProxy.java:374)
	at org.springframework.security.web.context.SecurityContextHolderFilter.doFilter(SecurityContextHolderFilter.java:82)
	at org.springframework.security.web.context.SecurityContextHolderFilter.doFilter(SecurityContextHolderFilter.java:69)
	at org.springframework.security.web.FilterChainProxy$VirtualFilterChain.doFilter(FilterChainProxy.java:374)
	at org.springframework.security.web.context.request.async.WebAsyncManagerIntegrationFilter.doFilterInternal(WebAsyncManagerIntegrationFilter.java:62)
	at org.springframework.web.filter.OncePerRequestFilter.doFilter(OncePerRequestFilter.java:116)
	at org.springframework.security.web.FilterChainProxy$VirtualFilterChain.doFilter(FilterChainProxy.java:374)
	at org.springframework.security.web.session.DisableEncodeUrlFilter.doFilterInternal(DisableEncodeUrlFilter.java:42)
	at org.springframework.web.filter.OncePerRequestFilter.doFilter(OncePerRequestFilter.java:116)
	at org.springframework.security.web.FilterChainProxy$VirtualFilterChain.doFilter(FilterChainProxy.java:374)
	at org.springframework.security.web.FilterChainProxy.doFilterInternal(FilterChainProxy.java:233)
	at org.springframework.security.web.FilterChainProxy.doFilter(FilterChainProxy.java:191)
	at org.springframework.web.filter.CompositeFilter$VirtualFilterChain.doFilter(CompositeFilter.java:113)
	at org.springframework.web.servlet.handler.HandlerMappingIntrospector.lambda$createCacheFilter$3(HandlerMappingIntrospector.java:195)
	at org.springframework.web.filter.CompositeFilter$VirtualFilterChain.doFilter(CompositeFilter.java:113)
	at org.springframework.web.filter.CompositeFilter.doFilter(CompositeFilter.java:74)
	at org.springframework.security.config.annotation.web.configuration.WebMvcSecurityConfiguration$CompositeFilterChainProxy.doFilter(WebMvcSecurityConfiguration.java:230)
	at org.springframework.web.filter.DelegatingFilterProxy.invokeDelegate(DelegatingFilterProxy.java:352)
	at org.springframework.web.filter.DelegatingFilterProxy.doFilter(DelegatingFilterProxy.java:268)
	at org.springframework.test.web.servlet.setup.MockMvcFilterDecorator.doFilter(MockMvcFilterDecorator.java:151)
	at org.springframework.mock.web.MockFilterChain.doFilter(MockFilterChain.java:132)
	at org.springframework.web.filter.RequestContextFilter.doFilterInternal(RequestContextFilter.java:100)
	at org.springframework.web.filter.OncePerRequestFilter.doFilter(OncePerRequestFilter.java:116)
	at org.springframework.test.web.servlet.setup.MockMvcFilterDecorator.doFilter(MockMvcFilterDecorator.java:151)
	at org.springframework.mock.web.MockFilterChain.doFilter(MockFilterChain.java:132)
	at org.springframework.web.filter.FormContentFilter.doFilterInternal(FormContentFilter.java:93)
	at org.springframework.web.filter.OncePerRequestFilter.doFilter(OncePerRequestFilter.java:116)
	at org.springframework.test.web.servlet.setup.MockMvcFilterDecorator.doFilter(MockMvcFilterDecorator.java:151)
	at org.springframework.mock.web.MockFilterChain.doFilter(MockFilterChain.java:132)
	at org.springframework.web.filter.CharacterEncodingFilter.doFilterInternal(CharacterEncodingFilter.java:201)
	at org.springframework.web.filter.OncePerRequestFilter.doFilter(OncePerRequestFilter.java:116)
	at org.springframework.test.web.servlet.setup.MockMvcFilterDecorator.doFilter(MockMvcFilterDecorator.java:151)
	at org.springframework.mock.web.MockFilterChain.doFilter(MockFilterChain.java:132)
	at org.springframework.test.web.servlet.MockMvc.perform(MockMvc.java:201)
	at com.cogschecker.foodcost.api.controller.VenueDataControllerTest.testExportVenueData_StaffDenied(VenueDataControllerTest.java:271)
	at java.base/jdk.internal.reflect.DirectMethodHandleAccessor.invoke(DirectMethodHandleAccessor.java:103)
	at java.base/java.lang.reflect.Method.invoke(Method.java:580)
	at org.junit.platform.commons.util.ReflectionUtils.invokeMethod(ReflectionUtils.java:728)
	at org.junit.jupiter.engine.execution.MethodInvocation.proceed(MethodInvocation.java:60)
	at org.junit.jupiter.engine.execution.InvocationInterceptorChain$ValidatingInvocation.proceed(InvocationInterceptorChain.java:131)
	at org.junit.jupiter.engine.extension.TimeoutExtension.intercept(TimeoutExtension.java:156)
	at org.junit.jupiter.engine.extension.TimeoutExtension.interceptTestableMethod(TimeoutExtension.java:147)
	at org.junit.jupiter.engine.extension.TimeoutExtension.interceptTestMethod(TimeoutExtension.java:86)
	at org.junit.jupiter.engine.execution.InterceptingExecutableInvoker$ReflectiveInterceptorCall.lambda$ofVoidMethod$0(InterceptingExecutableInvoker.java:103)
	at org.junit.jupiter.engine.execution.InterceptingExecutableInvoker.lambda$invoke$0(InterceptingExecutableInvoker.java:93)
	at org.junit.jupiter.engine.execution.InvocationInterceptorChain$InterceptedInvocation.proceed(InvocationInterceptorChain.java:106)
	at org.junit.jupiter.engine.execution.InvocationInterceptorChain.proceed(InvocationInterceptorChain.java:64)
	at org.junit.jupiter.engine.execution.InvocationInterceptorChain.chainAndInvoke(InvocationInterceptorChain.java:45)
	at org.junit.jupiter.engine.execution.InvocationInterceptorChain.invoke(InvocationInterceptorChain.java:37)
	at org.junit.jupiter.engine.execution.InterceptingExecutableInvoker.invoke(InterceptingExecutableInvoker.java:92)
	at org.junit.jupiter.engine.execution.InterceptingExecutableInvoker.invoke(InterceptingExecutableInvoker.java:86)
	at org.junit.jupiter.engine.descriptor.TestMethodTestDescriptor.lambda$invokeTestMethod$7(TestMethodTestDescriptor.java:218)
	at org.junit.platform.engine.support.hierarchical.ThrowableCollector.execute(ThrowableCollector.java:73)
	at org.junit.jupiter.engine.descriptor.TestMethodTestDescriptor.invokeTestMethod(TestMethodTestDescriptor.java:214)
	at org.junit.jupiter.engine.descriptor.TestMethodTestDescriptor.execute(TestMethodTestDescriptor.java:139)
	at org.junit.jupiter.engine.descriptor.TestMethodTestDescriptor.execute(TestMethodTestDescriptor.java:69)
	at org.junit.platform.engine.support.hierarchical.NodeTestTask.lambda$executeRecursively$6(NodeTestTask.java:151)
	at org.junit.platform.engine.support.hierarchical.ThrowableCollector.execute(ThrowableCollector.java:73)
	at org.junit.platform.engine.support.hierarchical.NodeTestTask.lambda$executeRecursively$8(NodeTestTask.java:141)
	at org.junit.platform.engine.support.hierarchical.Node.around(Node.java:137)
	at org.junit.platform.engine.support.hierarchical.NodeTestTask.lambda$executeRecursively$9(NodeTestTask.java:139)
	at org.junit.platform.engine.support.hierarchical.ThrowableCollector.execute(ThrowableCollector.java:73)
	at org.junit.platform.engine.support.hierarchical.NodeTestTask.executeRecursively(NodeTestTask.java:138)
	at org.junit.platform.engine.support.hierarchical.NodeTestTask.execute(NodeTestTask.java:95)
	at java.base/java.util.ArrayList.forEach(ArrayList.java:1596)
	at org.junit.platform.engine.support.hierarchical.SameThreadHierarchicalTestExecutorService.invokeAll(SameThreadHierarchicalTestExecutorService.java:41)
	at org.junit.platform.engine.support.hierarchical.NodeTestTask.lambda$executeRecursively$6(NodeTestTask.java:155)
	at org.junit.platform.engine.support.hierarchical.ThrowableCollector.execute(ThrowableCollector.java:73)
	at org.junit.platform.engine.support.hierarchical.NodeTestTask.lambda$executeRecursively$8(NodeTestTask.java:141)
	at org.junit.platform.engine.support.hierarchical.Node.around(Node.java:137)
	at org.junit.platform.engine.support.hierarchical.NodeTestTask.lambda$executeRecursively$9(NodeTestTask.java:139)
	at org.junit.platform.engine.support.hierarchical.ThrowableCollector.execute(ThrowableCollector.java:73)
	at org.junit.platform.engine.support.hierarchical.NodeTestTask.executeRecursively(NodeTestTask.java:138)
	at org.junit.platform.engine.support.hierarchical.NodeTestTask.execute(NodeTestTask.java:95)
	at java.base/java.util.ArrayList.forEach(ArrayList.java:1596)
	at org.junit.platform.engine.support.hierarchical.SameThreadHierarchicalTestExecutorService.invokeAll(SameThreadHierarchicalTestExecutorService.java:41)
	at org.junit.platform.engine.support.hierarchical.NodeTestTask.lambda$executeRecursively$6(NodeTestTask.java:155)
	at org.junit.platform.engine.support.hierarchical.ThrowableCollector.execute(ThrowableCollector.java:73)
	at org.junit.platform.engine.support.hierarchical.NodeTestTask.lambda$executeRecursively$8(NodeTestTask.java:141)
	at org.junit.platform.engine.support.hierarchical.Node.around(Node.java:137)
	at org.junit.platform.engine.support.hierarchical.NodeTestTask.lambda$executeRecursively$9(NodeTestTask.java:139)
	at org.junit.platform.engine.support.hierarchical.ThrowableCollector.execute(ThrowableCollector.java:73)
	at org.junit.platform.engine.support.hierarchical.NodeTestTask.executeRecursively(NodeTestTask.java:138)
	at org.junit.platform.engine.support.hierarchical.NodeTestTask.execute(NodeTestTask.java:95)
	at org.junit.platform.engine.support.hierarchical.SameThreadHierarchicalTestExecutorService.submit(SameThreadHierarchicalTestExecutorService.java:35)
	at org.junit.platform.engine.support.hierarchical.HierarchicalTestExecutor.execute(HierarchicalTestExecutor.java:57)
	at org.junit.platform.engine.support.hierarchical.HierarchicalTestEngine.execute(HierarchicalTestEngine.java:54)
	at org.junit.platform.launcher.core.EngineExecutionOrchestrator.execute(EngineExecutionOrchestrator.java:198)
	at org.junit.platform.launcher.core.EngineExecutionOrchestrator.execute(EngineExecutionOrchestrator.java:169)
	at org.junit.platform.launcher.core.EngineExecutionOrchestrator.execute(EngineExecutionOrchestrator.java:93)
	at org.junit.platform.launcher.core.EngineExecutionOrchestrator.lambda$execute$0(EngineExecutionOrchestrator.java:58)
	at org.junit.platform.launcher.core.EngineExecutionOrchestrator.withInterceptedStreams(EngineExecutionOrchestrator.java:141)
	at org.junit.platform.launcher.core.EngineExecutionOrchestrator.execute(EngineExecutionOrchestrator.java:57)
	at org.junit.platform.launcher.core.DefaultLauncher.execute(DefaultLauncher.java:103)
	at org.junit.platform.launcher.core.DefaultLauncher.execute(DefaultLauncher.java:85)
	at org.junit.platform.launcher.core.DelegatingLauncher.execute(DelegatingLauncher.java:47)
	at org.gradle.api.internal.tasks.testing.junitplatform.JUnitPlatformTestClassProcessor$CollectAllTestClassesExecutor.processAllTestClasses(JUnitPlatformTestClassProcessor.java:124)
	at org.gradle.api.internal.tasks.testing.junitplatform.JUnitPlatformTestClassProcessor$CollectAllTestClassesExecutor.access$000(JUnitPlatformTestClassProcessor.java:99)
	at org.gradle.api.internal.tasks.testing.junitplatform.JUnitPlatformTestClassProcessor.stop(JUnitPlatformTestClassProcessor.java:94)
	at org.gradle.api.internal.tasks.testing.SuiteTestClassProcessor.stop(SuiteTestClassProcessor.java:63)
	at java.base/jdk.internal.reflect.DirectMethodHandleAccessor.invoke(DirectMethodHandleAccessor.java:103)
	at java.base/java.lang.reflect.Method.invoke(Method.java:580)
	at org.gradle.internal.dispatch.ReflectionDispatch.dispatch(ReflectionDispatch.java:36)
	at org.gradle.internal.dispatch.ReflectionDispatch.dispatch(ReflectionDispatch.java:24)
	at org.gradle.internal.dispatch.ContextClassLoaderDispatch.dispatch(ContextClassLoaderDispatch.java:33)
	at org.gradle.internal.dispatch.ProxyDispatchAdapter$DispatchingInvocationHandler.invoke(ProxyDispatchAdapter.java:92)
	at jdk.proxy1/jdk.proxy1.$Proxy4.stop(Unknown Source)
	at org.gradle.api.internal.tasks.testing.worker.TestWorker$3.run(TestWorker.java:200)
	at org.gradle.api.internal.tasks.testing.worker.TestWorker.executeAndMaintainThreadName(TestWorker.java:132)
	at org.gradle.api.internal.tasks.testing.worker.TestWorker.execute(TestWorker.java:103)
	at org.gradle.api.internal.tasks.testing.worker.TestWorker.execute(TestWorker.java:63)
	at org.gradle.process.internal.worker.child.ActionExecutionWorker.execute(ActionExecutionWorker.java:56)
	at org.gradle.process.internal.worker.child.SystemApplicationClassLoaderWorker.call(SystemApplicationClassLoaderWorker.java:121)
	at org.gradle.process.internal.worker.child.SystemApplicationClassLoaderWorker.call(SystemApplicationClassLoaderWorker.java:71)
	at worker.org.gradle.process.internal.worker.GradleWorkerMain.run(GradleWorkerMain.java:69)
	at worker.org.gradle.process.internal.worker.GradleWorkerMain.main(GradleWorkerMain.java:74)

MockHttpServletRequest:
      HTTP Method = GET
      Request URI = /api/v1/venues/e3d3a49e-0058-454f-acb3-65c65f88f84e/export
       Parameters = {}
          Headers = []
             Body = null
    Session Attrs = {}

Handler:
             Type = com.cogschecker.foodcost.api.controller.VenueDataController
           Method = com.cogschecker.foodcost.api.controller.VenueDataController#exportVenueData(UUID)

Async:
    Async started = false
     Async result = null

Resolved Exception:
             Type = java.lang.NullPointerException

ModelAndView:
        View name = null
             View = null
            Model = null

FlashMap:
       Attributes = null

MockHttpServletResponse:
           Status = 500
    Error message = null
          Headers = [Vary:"Origin", "Access-Control-Request-Method", "Access-Control-Request-Headers", Content-Type:"application/json", X-Content-Type-Options:"nosniff", X-XSS-Protection:"0", Cache-Control:"no-cache, no-store, max-age=0, must-revalidate", Pragma:"no-cache", Expires:"0", X-Frame-Options:"DENY"]
     Content type = application/json
             Body = {"message":"An unexpected error occurred. Please try again later.","timestamp":"2026-06-07T07:05:39.429688Z","path":"/api/v1/venues/e3d3a49e-0058-454f-acb3-65c65f88f84e/export","errorCode":"INTERNAL_ERROR"}
    Forwarded URL = null
   Redirected URL = null
          Cookies = []
2026-06-07 17:05:39.436 [Test worker] DEBUG o.s.security.web.FilterChainProxy [NO_CORRELATION_ID] - Securing GET /api/v1/venues/063264c1-73ef-4ac7-99b7-d2fb6c163bf5/export
2026-06-07 17:05:39.436 [Test worker] DEBUG o.s.security.web.FilterChainProxy [NO_CORRELATION_ID] - Secured GET /api/v1/venues/063264c1-73ef-4ac7-99b7-d2fb6c163bf5/export
2026-06-07 17:05:39.436 [Test worker] INFO  c.c.f.a.c.VenueDataController [NO_CORRELATION_ID] - GET /venues/063264c1-73ef-4ac7-99b7-d2fb6c163bf5/export - Exporting venue data
2026-06-07 17:05:39.436 [Test worker] INFO  c.c.f.a.c.VenueDataController [NO_CORRELATION_ID] - Successfully exported data for venueId: 063264c1-73ef-4ac7-99b7-d2fb6c163bf5 - 1 ingredients, 1 recipes
2026-06-07 17:05:39.439 [Test worker] DEBUG o.s.security.web.FilterChainProxy [NO_CORRELATION_ID] - Securing POST /api/v1/venues/945390e6-be8b-411d-a665-aed401959e75/import
2026-06-07 17:05:39.439 [Test worker] DEBUG o.s.security.web.FilterChainProxy [NO_CORRELATION_ID] - Secured POST /api/v1/venues/945390e6-be8b-411d-a665-aed401959e75/import
2026-06-07 17:05:39.440 [Test worker] INFO  c.c.f.a.c.VenueDataController [NO_CORRELATION_ID] - POST /venues/945390e6-be8b-411d-a665-aed401959e75/import - Importing venue data
2026-06-07 17:05:39.440 [Test worker] INFO  c.c.f.a.c.VenueDataController [NO_CORRELATION_ID] - Successfully imported data for venueId: 945390e6-be8b-411d-a665-aed401959e75
2026-06-07 17:05:39.442 [Test worker] DEBUG o.s.security.web.FilterChainProxy [NO_CORRELATION_ID] - Securing POST /api/v1/venues/62385660-72ce-43a0-bd76-16454f4a3a91/import
2026-06-07 17:05:39.442 [Test worker] DEBUG o.s.s.w.a.AnonymousAuthenticationFilter [NO_CORRELATION_ID] - Set SecurityContextHolder to anonymous SecurityContext
2026-06-07 17:05:39.443 [Test worker] DEBUG o.s.s.w.a.Http403ForbiddenEntryPoint [NO_CORRELATION_ID] - Pre-authenticated entry point called. Rejecting access
2026-06-07 17:05:39.445 [Test worker] DEBUG o.s.security.web.FilterChainProxy [NO_CORRELATION_ID] - Securing GET /api/v1/venues/a2c9fe90-ba77-47a6-8622-c2c4a7b3c40a/export
2026-06-07 17:05:39.445 [Test worker] DEBUG o.s.security.web.FilterChainProxy [NO_CORRELATION_ID] - Secured GET /api/v1/venues/a2c9fe90-ba77-47a6-8622-c2c4a7b3c40a/export
2026-06-07 17:05:39.445 [Test worker] INFO  c.c.f.a.c.VenueDataController [NO_CORRELATION_ID] - GET /venues/a2c9fe90-ba77-47a6-8622-c2c4a7b3c40a/export - Exporting venue data
2026-06-07 17:05:39.445 [Test worker] INFO  c.c.f.a.c.VenueDataController [NO_CORRELATION_ID] - Successfully exported data for venueId: a2c9fe90-ba77-47a6-8622-c2c4a7b3c40a - 0 ingredients, 0 recipes
]]></system-out>
  <system-err><![CDATA[]]></system-err>
</testsuite>
