<?xml version="1.0" encoding="UTF-8"?>
<testsuite name="com.cogschecker.foodcost.api.service.DataExportServiceTest" tests="7" skipped="0" failures="0" errors="0" timestamp="2026-06-07T07:05:42" hostname="Vikrants-MacBook-Pro-2.local" time="0.05">
  <properties/>
  <testcase name="export_shouldIncludeAllRecipesWithIngredientLines()" classname="com.cogschecker.foodcost.api.service.DataExportServiceTest" time="0.043"/>
  <testcase name="export_shouldHandleSubRecipeLines()" classname="com.cogschecker.foodcost.api.service.DataExportServiceTest" time="0.001"/>
  <testcase name="export_shouldHandleEmptyVenue()" classname="com.cogschecker.foodcost.api.service.DataExportServiceTest" time="0.001"/>
  <testcase name="export_shouldIncludeTargetFoodCostPercentage()" classname="com.cogschecker.foodcost.api.service.DataExportServiceTest" time="0.001"/>
  <testcase name="export_shouldReturnVersionedEnvelope()" classname="com.cogschecker.foodcost.api.service.DataExportServiceTest" time="0.001"/>
  <testcase name="export_shouldIncludeAllIngredients()" classname="com.cogschecker.foodcost.api.service.DataExportServiceTest" time="0.001"/>
  <testcase name="export_shouldUseDefaultTargetWhenConfigNotFound()" classname="com.cogschecker.foodcost.api.service.DataExportServiceTest" time="0.001"/>
  <system-out><![CDATA[2026-06-07 17:05:42.710 [Test worker] INFO  c.c.f.api.service.DataExportService [NO_CORRELATION_ID] - Starting data export for venueId: 49917428-b19c-44a4-8f32-63685d05b268
2026-06-07 17:05:42.710 [Test worker] DEBUG c.c.f.api.service.DataExportService [NO_CORRELATION_ID] - Found 0 ingredients for venue 49917428-b19c-44a4-8f32-63685d05b268
2026-06-07 17:05:42.710 [Test worker] DEBUG c.c.f.api.service.DataExportService [NO_CORRELATION_ID] - Found 1 recipes for venue 49917428-b19c-44a4-8f32-63685d05b268
2026-06-07 17:05:42.710 [Test worker] DEBUG c.c.f.api.service.DataExportService [NO_CORRELATION_ID] - Loaded ingredient lines for 1 recipes
2026-06-07 17:05:42.710 [Test worker] DEBUG c.c.f.api.service.DataExportService [NO_CORRELATION_ID] - Loaded system config with target percentage: 30.0
2026-06-07 17:05:42.710 [Test worker] INFO  c.c.f.api.service.DataExportService [NO_CORRELATION_ID] - Successfully exported data for venueId: 49917428-b19c-44a4-8f32-63685d05b268 - 0 ingredients, 1 recipes
2026-06-07 17:05:42.716 [Test worker] INFO  c.c.f.api.service.DataExportService [NO_CORRELATION_ID] - Starting data export for venueId: 32586507-9075-4647-a812-edf22c73ea99
2026-06-07 17:05:42.716 [Test worker] DEBUG c.c.f.api.service.DataExportService [NO_CORRELATION_ID] - Found 0 ingredients for venue 32586507-9075-4647-a812-edf22c73ea99
2026-06-07 17:05:42.716 [Test worker] DEBUG c.c.f.api.service.DataExportService [NO_CORRELATION_ID] - Found 1 recipes for venue 32586507-9075-4647-a812-edf22c73ea99
2026-06-07 17:05:42.716 [Test worker] DEBUG c.c.f.api.service.DataExportService [NO_CORRELATION_ID] - Loaded ingredient lines for 1 recipes
2026-06-07 17:05:42.716 [Test worker] DEBUG c.c.f.api.service.DataExportService [NO_CORRELATION_ID] - Loaded system config with target percentage: 30.0
2026-06-07 17:05:42.716 [Test worker] INFO  c.c.f.api.service.DataExportService [NO_CORRELATION_ID] - Successfully exported data for venueId: 32586507-9075-4647-a812-edf22c73ea99 - 0 ingredients, 1 recipes
2026-06-07 17:05:42.717 [Test worker] INFO  c.c.f.api.service.DataExportService [NO_CORRELATION_ID] - Starting data export for venueId: b47e1d1b-3eb3-443e-a4d6-3fc3479c3467
2026-06-07 17:05:42.718 [Test worker] DEBUG c.c.f.api.service.DataExportService [NO_CORRELATION_ID] - Found 0 ingredients for venue b47e1d1b-3eb3-443e-a4d6-3fc3479c3467
2026-06-07 17:05:42.718 [Test worker] DEBUG c.c.f.api.service.DataExportService [NO_CORRELATION_ID] - Found 0 recipes for venue b47e1d1b-3eb3-443e-a4d6-3fc3479c3467
2026-06-07 17:05:42.718 [Test worker] DEBUG c.c.f.api.service.DataExportService [NO_CORRELATION_ID] - Loaded ingredient lines for 0 recipes
2026-06-07 17:05:42.718 [Test worker] DEBUG c.c.f.api.service.DataExportService [NO_CORRELATION_ID] - Loaded system config with target percentage: 30.0
2026-06-07 17:05:42.718 [Test worker] INFO  c.c.f.api.service.DataExportService [NO_CORRELATION_ID] - Successfully exported data for venueId: b47e1d1b-3eb3-443e-a4d6-3fc3479c3467 - 0 ingredients, 0 recipes
2026-06-07 17:05:42.718 [Test worker] INFO  c.c.f.api.service.DataExportService [NO_CORRELATION_ID] - Starting data export for venueId: 2d7feeab-678f-467b-b5c6-15989ca0d9d4
2026-06-07 17:05:42.718 [Test worker] DEBUG c.c.f.api.service.DataExportService [NO_CORRELATION_ID] - Found 0 ingredients for venue 2d7feeab-678f-467b-b5c6-15989ca0d9d4
2026-06-07 17:05:42.718 [Test worker] DEBUG c.c.f.api.service.DataExportService [NO_CORRELATION_ID] - Found 0 recipes for venue 2d7feeab-678f-467b-b5c6-15989ca0d9d4
2026-06-07 17:05:42.719 [Test worker] DEBUG c.c.f.api.service.DataExportService [NO_CORRELATION_ID] - Loaded ingredient lines for 0 recipes
2026-06-07 17:05:42.719 [Test worker] DEBUG c.c.f.api.service.DataExportService [NO_CORRELATION_ID] - Loaded system config with target percentage: 35.5
2026-06-07 17:05:42.719 [Test worker] INFO  c.c.f.api.service.DataExportService [NO_CORRELATION_ID] - Successfully exported data for venueId: 2d7feeab-678f-467b-b5c6-15989ca0d9d4 - 0 ingredients, 0 recipes
2026-06-07 17:05:42.719 [Test worker] INFO  c.c.f.api.service.DataExportService [NO_CORRELATION_ID] - Starting data export for venueId: 05ed6021-acf6-4b50-9ffb-54063dbfcdda
2026-06-07 17:05:42.719 [Test worker] DEBUG c.c.f.api.service.DataExportService [NO_CORRELATION_ID] - Found 0 ingredients for venue 05ed6021-acf6-4b50-9ffb-54063dbfcdda
2026-06-07 17:05:42.719 [Test worker] DEBUG c.c.f.api.service.DataExportService [NO_CORRELATION_ID] - Found 0 recipes for venue 05ed6021-acf6-4b50-9ffb-54063dbfcdda
2026-06-07 17:05:42.719 [Test worker] DEBUG c.c.f.api.service.DataExportService [NO_CORRELATION_ID] - Loaded ingredient lines for 0 recipes
2026-06-07 17:05:42.719 [Test worker] DEBUG c.c.f.api.service.DataExportService [NO_CORRELATION_ID] - Loaded system config with target percentage: 30.0
2026-06-07 17:05:42.719 [Test worker] INFO  c.c.f.api.service.DataExportService [NO_CORRELATION_ID] - Successfully exported data for venueId: 05ed6021-acf6-4b50-9ffb-54063dbfcdda - 0 ingredients, 0 recipes
2026-06-07 17:05:42.720 [Test worker] INFO  c.c.f.api.service.DataExportService [NO_CORRELATION_ID] - Starting data export for venueId: 75b4b85f-5a28-4a02-9c6c-4e69d7406245
2026-06-07 17:05:42.720 [Test worker] DEBUG c.c.f.api.service.DataExportService [NO_CORRELATION_ID] - Found 1 ingredients for venue 75b4b85f-5a28-4a02-9c6c-4e69d7406245
2026-06-07 17:05:42.720 [Test worker] DEBUG c.c.f.api.service.DataExportService [NO_CORRELATION_ID] - Found 0 recipes for venue 75b4b85f-5a28-4a02-9c6c-4e69d7406245
2026-06-07 17:05:42.720 [Test worker] DEBUG c.c.f.api.service.DataExportService [NO_CORRELATION_ID] - Loaded ingredient lines for 0 recipes
2026-06-07 17:05:42.720 [Test worker] DEBUG c.c.f.api.service.DataExportService [NO_CORRELATION_ID] - Loaded system config with target percentage: 30.0
2026-06-07 17:05:42.720 [Test worker] INFO  c.c.f.api.service.DataExportService [NO_CORRELATION_ID] - Successfully exported data for venueId: 75b4b85f-5a28-4a02-9c6c-4e69d7406245 - 1 ingredients, 0 recipes
2026-06-07 17:05:42.721 [Test worker] INFO  c.c.f.api.service.DataExportService [NO_CORRELATION_ID] - Starting data export for venueId: 396e8d28-cbc2-4f55-8a7c-7d4498e2c00f
2026-06-07 17:05:42.721 [Test worker] DEBUG c.c.f.api.service.DataExportService [NO_CORRELATION_ID] - Found 0 ingredients for venue 396e8d28-cbc2-4f55-8a7c-7d4498e2c00f
2026-06-07 17:05:42.721 [Test worker] DEBUG c.c.f.api.service.DataExportService [NO_CORRELATION_ID] - Found 0 recipes for venue 396e8d28-cbc2-4f55-8a7c-7d4498e2c00f
2026-06-07 17:05:42.721 [Test worker] DEBUG c.c.f.api.service.DataExportService [NO_CORRELATION_ID] - Loaded ingredient lines for 0 recipes
2026-06-07 17:05:42.721 [Test worker] DEBUG c.c.f.api.service.DataExportService [NO_CORRELATION_ID] - Loaded system config with target percentage: 30.0
2026-06-07 17:05:42.721 [Test worker] INFO  c.c.f.api.service.DataExportService [NO_CORRELATION_ID] - Successfully exported data for venueId: 396e8d28-cbc2-4f55-8a7c-7d4498e2c00f - 0 ingredients, 0 recipes
]]></system-out>
  <system-err><![CDATA[]]></system-err>
</testsuite>
